0 info it worked if it ends with ok
1 verbose cli [ '/usr/local/bin/node',
1 verbose cli   '/Users/jim/npm/bin/npm',
1 verbose cli   'info',
1 verbose cli   'vue-famous' ]
2 info using npm@3.10.9
3 info using node@v4.6.2
4 silly mapToRegistry name vue-famous
5 silly mapToRegistry using default registry
6 silly mapToRegistry registry https://registry.npmjs.org/
7 silly mapToRegistry data Result {
7 silly mapToRegistry   raw: 'vue-famous',
7 silly mapToRegistry   scope: null,
7 silly mapToRegistry   escapedName: 'vue-famous',
7 silly mapToRegistry   name: 'vue-famous',
7 silly mapToRegistry   rawSpec: '',
7 silly mapToRegistry   spec: 'latest',
7 silly mapToRegistry   type: 'tag' }
8 silly mapToRegistry uri https://registry.npmjs.org/vue-famous
9 verbose request uri https://registry.npmjs.org/vue-famous
10 verbose request no auth needed
11 info attempt registry request try #1 at 8:50:00 PM
12 verbose request using bearer token for auth
13 verbose request id 5ea9705997093bab
14 http request GET https://registry.npmjs.org/vue-famous
15 http 404 https://registry.npmjs.org/vue-famous
16 verbose headers { 'content-type': 'application/json',
16 verbose headers   'cache-control': 'max-age=0',
16 verbose headers   'content-length': '2',
16 verbose headers   'accept-ranges': 'bytes',
16 verbose headers   date: 'Fri, 11 Nov 2016 03:50:00 GMT',
16 verbose headers   via: '1.1 varnish',
16 verbose headers   connection: 'keep-alive',
16 verbose headers   'x-served-by': 'cache-sjc3635-SJC',
16 verbose headers   'x-cache': 'MISS',
16 verbose headers   'x-cache-hits': '0',
16 verbose headers   'x-timer': 'S1478836200.331351,VS0,VE343',
16 verbose headers   vary: 'Accept-Encoding' }
17 silly get cb [ 404,
17 silly get   { 'content-type': 'application/json',
17 silly get     'cache-control': 'max-age=0',
17 silly get     'content-length': '2',
17 silly get     'accept-ranges': 'bytes',
17 silly get     date: 'Fri, 11 Nov 2016 03:50:00 GMT',
17 silly get     via: '1.1 varnish',
17 silly get     connection: 'keep-alive',
17 silly get     'x-served-by': 'cache-sjc3635-SJC',
17 silly get     'x-cache': 'MISS',
17 silly get     'x-cache-hits': '0',
17 silly get     'x-timer': 'S1478836200.331351,VS0,VE343',
17 silly get     vary: 'Accept-Encoding' } ]
18 verbose stack Error: Registry returned 404 for GET on https://registry.npmjs.org/vue-famous
18 verbose stack     at makeError (/Users/jim/npm/lib/node_modules/npm/node_modules/npm-registry-client/lib/request.js:302:12)
18 verbose stack     at CachingRegistryClient.<anonymous> (/Users/jim/npm/lib/node_modules/npm/node_modules/npm-registry-client/lib/request.js:280:14)
18 verbose stack     at Request._callback (/Users/jim/npm/lib/node_modules/npm/node_modules/npm-registry-client/lib/request.js:210:14)
18 verbose stack     at Request.self.callback (/Users/jim/npm/lib/node_modules/npm/node_modules/request/request.js:187:22)
18 verbose stack     at emitTwo (events.js:87:13)
18 verbose stack     at Request.emit (events.js:172:7)
18 verbose stack     at Request.<anonymous> (/Users/jim/npm/lib/node_modules/npm/node_modules/request/request.js:1048:10)
18 verbose stack     at emitOne (events.js:77:13)
18 verbose stack     at Request.emit (events.js:169:7)
18 verbose stack     at IncomingMessage.<anonymous> (/Users/jim/npm/lib/node_modules/npm/node_modules/request/request.js:969:12)
19 verbose statusCode 404
20 verbose pkgid vue-famous
21 verbose cwd /Volumes/SSHD-1T/projects/awesome-vue
22 error Darwin 14.5.0
23 error argv "/usr/local/bin/node" "/Users/jim/npm/bin/npm" "info" "vue-famous"
24 error node v4.6.2
25 error npm  v3.10.9
26 error code E404
27 error 404 Registry returned 404 for GET on https://registry.npmjs.org/vue-famous
28 error 404
29 error 404 'vue-famous' is not in the npm registry.
30 error 404 You should bug the author to publish it (or use the name yourself!)
31 error 404 Note that you can also install from a
32 error 404 tarball, folder, http url, or git url.
33 verbose exit [ 1, true ]
